2022-11-25 14:44:42,962 ERROR c.h.p.l.p.LedService [main] Kein LED für Led-Nummer=0 gefunden!
java.lang.RuntimeException: Kein LED für Led-Nummer=0 gefunden!
	at ch.hslu.prg.leds.gui.LedViewController.isOn(LedViewController.java:288) ~[?:?]
	at ch.hslu.prg.leds.business.LedServiceManager.isOn(LedServiceManager.java:66) ~[?:?]
	at ch.hslu.prg.leds.rmi.impl.service.RmiLedServiceImpl.isOn(RmiLedServiceImpl.java:87) ~[?:?]
	at jdk.internal.reflect.NativeMethodAccessorImpl.invoke0(Native Method) ~[?:?]
	at jdk.internal.reflect.NativeMethodAccessorImpl.invoke(NativeMethodAccessorImpl.java:77) ~[?:?]
	at jdk.internal.reflect.DelegatingMethodAccessorImpl.invoke(DelegatingMethodAccessorImpl.java:43) ~[?:?]
	at java.lang.reflect.Method.invoke(Method.java:568) ~[?:?]
	at sun.rmi.server.UnicastServerRef.dispatch(UnicastServerRef.java:360) ~[?:?]
	at sun.rmi.transport.Transport$1.run(Transport.java:200) ~[?:?]
	at sun.rmi.transport.Transport$1.run(Transport.java:197) ~[?:?]
	at java.security.AccessController.doPrivileged(AccessController.java:712) ~[?:?]
	at sun.rmi.transport.Transport.serviceCall(Transport.java:196) ~[?:?]
	at sun.rmi.transport.tcp.TCPTransport.handleMessages(TCPTransport.java:587) ~[?:?]
	at sun.rmi.transport.tcp.TCPTransport$ConnectionHandler.run0(TCPTransport.java:828) ~[?:?]
	at sun.rmi.transport.tcp.TCPTransport$ConnectionHandler.lambda$run$0(TCPTransport.java:705) ~[?:?]
	at java.security.AccessController.doPrivileged(AccessController.java:399) ~[?:?]
	at sun.rmi.transport.tcp.TCPTransport$ConnectionHandler.run(TCPTransport.java:704) ~[?:?]
	at java.util.concurrent.ThreadPoolExecutor.runWorker(ThreadPoolExecutor.java:1136) ~[?:?]
	at java.util.concurrent.ThreadPoolExecutor$Worker.run(ThreadPoolExecutor.java:635) ~[?:?]
	at java.lang.Thread.run(Thread.java:833) ~[?:?]
	at sun.rmi.transport.StreamRemoteCall.exceptionReceivedFromServer(StreamRemoteCall.java:304) ~[?:?]
	at sun.rmi.transport.StreamRemoteCall.executeCall(StreamRemoteCall.java:280) ~[?:?]
	at sun.rmi.server.UnicastRef.invoke(UnicastRef.java:165) ~[?:?]
	at java.rmi.server.RemoteObjectInvocationHandler.invokeRemoteMethod(RemoteObjectInvocationHandler.java:215) ~[?:?]
	at java.rmi.server.RemoteObjectInvocationHandler.invoke(RemoteObjectInvocationHandler.java:160) ~[?:?]
	at jdk.proxy2.$Proxy17.isOn(Unknown Source) ~[?:?]
	at ch.hslu.prg.leds.proxy.LedService.isOn(LedService.java:205) ~[proxy.jar:?]
	at G16.aufgabe3.ClientApp.switchRandom(ClientApp.java:41) ~[PRGTestat/:?]
	at G16.aufgabe3.ClientApp.main(ClientApp.java:72) ~[PRGTestat/:?]
