23.11.2022 10:37:42:012- RmiServer: RMI Server startet ...
23.11.2022 10:37:42:018- RmiServer: Properties eingelesen ...
23.11.2022 10:37:42:019- RmiServer: RMI Port-Nummer: 1099
23.11.2022 10:37:42:064- RmiServer: Namensdienst gestartet ...
23.11.2022 10:37:42:071- RmiServer: GUI wird angezeigt ...
23.11.2022 10:44:12:680- RmiServer: RMI Server startet ...
23.11.2022 10:44:12:687- RmiServer: Properties eingelesen ...
23.11.2022 10:44:12:688- RmiServer: RMI Port-Nummer: 1099
23.11.2022 10:44:12:769- RmiServer: Namensdienst gestartet ...
23.11.2022 10:44:12:780- RmiServer: GUI wird angezeigt ...
23.11.2022 14:34:20:077- RmiServer: RMI Server startet ...
23.11.2022 14:34:20:081- RmiServer: Properties eingelesen ...
23.11.2022 14:34:20:082- RmiServer: RMI Port-Nummer: 1099
23.11.2022 14:34:20:136- RmiServer: Namensdienst gestartet ...
23.11.2022 14:34:20:144- RmiServer: GUI wird angezeigt ...
23.11.2022 14:42:51:836- RmiServer: RMI Server startet ...
23.11.2022 14:42:51:843- RmiServer: Properties eingelesen ...
23.11.2022 14:42:51:850- RmiServer: RMI Port-Nummer: 1099
23.11.2022 14:42:51:912- RmiServer: Namensdienst gestartet ...
23.11.2022 14:42:51:922- RmiServer: GUI wird angezeigt ...
25.11.2022 14:39:32:994- RmiServer: RMI Server startet ...
25.11.2022 14:39:33:003- RmiServer: Properties eingelesen ...
25.11.2022 14:39:33:007- RmiServer: RMI Port-Nummer: 1099
25.11.2022 14:39:33:103- RmiServer: Namensdienst gestartet ...
25.11.2022 14:39:33:117- RmiServer: GUI wird angezeigt ...
